# JRE version: Java(TM) SE Runtime Environment 18.9 (11.0.8+10) (build 11.0.8+10-LTS)
# Java VM: Java HotSpot(TM) 64-Bit Server VM 18.9 (11.0.8+10-LTS, mixed mode, tiered, compressed oops, g1 gc, windows-amd64)
Heap:
 garbage-first heap   total 77824K, used 43127K [0x00000000c3200000, 0x0000000100000000)
  region size 1024K, 18 young (18432K), 4 survivors (4096K)
 Metaspace       used 67654K, capacity 69388K, committed 69632K, reserved 1110016K
  class space    used 8404K, capacity 9102K, committed 9216K, reserved 1048576K
GC Heap History (10 events):
Event: 9.908 GC heap before
{Heap before GC invocations=15 (full 0):
 garbage-first heap   total 77824K, used 56676K [0x00000000c3200000, 0x0000000100000000)
  region size 1024K, 37 young (37888K), 4 survivors (4096K)
 Metaspace       used 56770K, capacity 58027K, committed 58112K, reserved 1099776K
  class space    used 7074K, capacity 7615K, committed 7680K, reserved 1048576K
}
Event: 9.913 GC heap after
{Heap after GC invocations=16 (full 0):
 garbage-first heap   total 77824K, used 24285K [0x00000000c3200000, 0x0000000100000000)
  region size 1024K, 2 young (2048K), 2 survivors (2048K)
 Metaspace       used 56770K, capacity 58027K, committed 58112K, reserved 1099776K
  class space    used 7074K, capacity 7615K, committed 7680K, reserved 1048576K
}
Event: 10.560 GC heap before
{Heap before GC invocations=16 (full 0):
 garbage-first heap   total 77824K, used 37597K [0x00000000c3200000, 0x0000000100000000)
  region size 1024K, 16 young (16384K), 2 survivors (2048K)
 Metaspace       used 58897K, capacity 60089K, committed 60160K, reserved 1101824K
  class space    used 7349K, capacity 7876K, committed 7936K, reserved 1048576K
}
Event: 10.563 GC heap after
{Heap after GC invocations=17 (full 0):
 garbage-first heap   total 77824K, used 24483K [0x00000000c3200000, 0x0000000100000000)
  region size 1024K, 2 young (2048K), 2 survivors (2048K)
 Metaspace       used 58897K, capacity 60089K, committed 60160K, reserved 1101824K
  class space    used 7349K, capacity 7876K, committed 7936K, reserved 1048576K
}
Event: 11.933 GC heap before
{Heap before GC invocations=18 (full 0):
 garbage-first heap   total 77824K, used 58275K [0x00000000c3200000, 0x0000000100000000)
  region size 1024K, 35 young (35840K), 2 survivors (2048K)
 Metaspace       used 62623K, capacity 64078K, committed 64256K, reserved 1105920K
  class space    used 7842K, capacity 8434K, committed 8448K, reserved 1048576K
}
Event: 11.937 GC heap after
{Heap after GC invocations=19 (full 0):
 garbage-first heap   total 77824K, used 26450K [0x00000000c3200000, 0x0000000100000000)
  region size 1024K, 4 young (4096K), 4 survivors (4096K)
 Metaspace       used 62623K, capacity 64078K, committed 64256K, reserved 1105920K
  class space    used 7842K, capacity 8434K, committed 8448K, reserved 1048576K
}
Event: 12.225 GC heap before
{Heap before GC invocations=19 (full 0):
 garbage-first heap   total 77824K, used 59218K [0x00000000c3200000, 0x0000000100000000)
  region size 1024K, 36 young (36864K), 4 survivors (4096K)
 Metaspace       used 63198K, capacity 64674K, committed 64896K, reserved 1105920K
  class space    used 7874K, capacity 8488K, committed 8576K, reserved 1048576K
}
Event: 12.230 GC heap after
{Heap after GC invocations=20 (full 0):
 garbage-first heap   total 77824K, used 27716K [0x00000000c3200000, 0x0000000100000000)
  region size 1024K, 4 young (4096K), 4 survivors (4096K)
 Metaspace       used 63198K, capacity 64674K, committed 64896K, reserved 1105920K
  class space    used 7874K, capacity 8488K, committed 8576K, reserved 1048576K
}
Event: 13.179 GC heap before
{Heap before GC invocations=20 (full 0):
 garbage-first heap   total 77824K, used 60484K [0x00000000c3200000, 0x0000000100000000)
  region size 1024K, 36 young (36864K), 4 survivors (4096K)
 Metaspace       used 65518K, capacity 67181K, committed 67328K, reserved 1107968K
  class space    used 8165K, capacity 8862K, committed 8960K, reserved 1048576K
}
Event: 13.186 GC heap after
{Heap after GC invocations=21 (full 0):
 garbage-first heap   total 77824K, used 29815K [0x00000000c3200000, 0x0000000100000000)
  region size 1024K, 4 young (4096K), 4 survivors (4096K)
 Metaspace       used 65518K, capacity 67181K, committed 67328K, reserved 1107968K
  class space    used 8165K, capacity 8862K, committed 8960K, reserved 1048576K
}

