# JRE version: Java(TM) SE Runtime Environment 18.9 (11.0.8+10) (build 11.0.8+10-LTS)
# Java VM: Java HotSpot(TM) 64-Bit Server VM 18.9 (11.0.8+10-LTS, mixed mode, tiered, compressed oops, parallel gc, windows-amd64)
Heap:
 PSYoungGen      total 40448K, used 18478K [0x00000000eab00000, 0x00000000ed780000, 0x0000000100000000)
  eden space 36864K, 50% used [0x00000000eab00000,0x00000000ebd0bbe8,0x00000000ecf00000)
  from space 3584K, 0% used [0x00000000ed280000,0x00000000ed280000,0x00000000ed600000)
  to   space 3584K, 0% used [0x00000000ecf00000,0x00000000ecf00000,0x00000000ed280000)
 ParOldGen       total 304128K, used 198877K [0x00000000c0000000, 0x00000000d2900000, 0x00000000eab00000)
  object space 304128K, 65% used [0x00000000c0000000,0x00000000cc237658,0x00000000d2900000)
 Metaspace       used 90766K, capacity 94814K, committed 94976K, reserved 1134592K
  class space    used 8201K, capacity 9702K, committed 9728K, reserved 1048576K
GC Heap History (10 events):
Event: 2317.083 GC heap before
{Heap before GC invocations=6379 (full 172):
 PSYoungGen      total 36352K, used 35987K [0x00000000eab00000, 0x00000000ee080000, 0x0000000100000000)
  eden space 35328K, 98% used [0x00000000eab00000,0x00000000ecd265a8,0x00000000ecd80000)
  from space 1024K, 99% used [0x00000000ede80000,0x00000000edf7e900,0x00000000edf80000)
  to   space 1024K, 0% used [0x00000000edf80000,0x00000000edf80000,0x00000000ee080000)
 ParOldGen       total 302592K, used 223758K [0x00000000c0000000, 0x00000000d2780000, 0x00000000eab00000)
  object space 302592K, 73% used [0x00000000c0000000,0x00000000cda83b10,0x00000000d2780000)
 Metaspace       used 90751K, capacity 94812K, committed 94976K, reserved 1134592K
  class space    used 8201K, capacity 9702K, committed 9728K, reserved 1048576K
}
Event: 2317.102 GC heap after
{Heap after GC invocations=6379 (full 172):
 PSYoungGen      total 30208K, used 1011K [0x00000000eab00000, 0x00000000efd00000, 0x0000000100000000)
  eden space 29184K, 0% used [0x00000000eab00000,0x00000000eab00000,0x00000000ec780000)
  from space 1024K, 98% used [0x00000000edf80000,0x00000000ee07cde0,0x00000000ee080000)
  to   space 24576K, 0% used [0x00000000ec780000,0x00000000ec780000,0x00000000edf80000)
 ParOldGen       total 302592K, used 243958K [0x00000000c0000000, 0x00000000d2780000, 0x00000000eab00000)
  object space 302592K, 80% used [0x00000000c0000000,0x00000000cee3db20,0x00000000d2780000)
 Metaspace       used 90751K, capacity 94812K, committed 94976K, reserved 1134592K
  class space    used 8201K, capacity 9702K, committed 9728K, reserved 1048576K
}
Event: 2318.066 GC heap before
{Heap before GC invocations=6380 (full 172):
 PSYoungGen      total 30208K, used 30195K [0x00000000eab00000, 0x00000000efd00000, 0x0000000100000000)
  eden space 29184K, 99% used [0x00000000eab00000,0x00000000ec77fff8,0x00000000ec780000)
  from space 1024K, 98% used [0x00000000edf80000,0x00000000ee07cde0,0x00000000ee080000)
  to   space 24576K, 0% used [0x00000000ec780000,0x00000000ec780000,0x00000000edf80000)
 ParOldGen       total 302592K, used 243958K [0x00000000c0000000, 0x00000000d2780000, 0x00000000eab00000)
  object space 302592K, 80% used [0x00000000c0000000,0x00000000cee3db20,0x00000000d2780000)
 Metaspace       used 90754K, capacity 94813K, committed 94976K, reserved 1134592K
  class space    used 8201K, capacity 9702K, committed 9728K, reserved 1048576K
}
Event: 2318.071 GC heap after
{Heap after GC invocations=6380 (full 172):
 PSYoungGen      total 33792K, used 4598K [0x00000000eab00000, 0x00000000ee000000, 0x0000000100000000)
  eden space 29184K, 0% used [0x00000000eab00000,0x00000000eab00000,0x00000000ec780000)
  from space 4608K, 99% used [0x00000000ec780000,0x00000000ecbfd9a8,0x00000000ecc00000)
  to   space 10752K, 0% used [0x00000000ed580000,0x00000000ed580000,0x00000000ee000000)
 ParOldGen       total 302592K, used 244238K [0x00000000c0000000, 0x00000000d2780000, 0x00000000eab00000)
  object space 302592K, 80% used [0x00000000c0000000,0x00000000cee83b20,0x00000000d2780000)
 Metaspace       used 90754K, capacity 94813K, committed 94976K, reserved 1134592K
  class space    used 8201K, capacity 9702K, committed 9728K, reserved 1048576K
}
Event: 2318.262 GC heap before
{Heap before GC invocations=6381 (full 172):
 PSYoungGen      total 33792K, used 29099K [0x00000000eab00000, 0x00000000ee000000, 0x0000000100000000)
  eden space 29184K, 83% used [0x00000000eab00000,0x00000000ec2ed400,0x00000000ec780000)
  from space 4608K, 99% used [0x00000000ec780000,0x00000000ecbfd9a8,0x00000000ecc00000)
  to   space 10752K, 0% used [0x00000000ed580000,0x00000000ed580000,0x00000000ee000000)
 ParOldGen       total 302592K, used 244238K [0x00000000c0000000, 0x00000000d2780000, 0x00000000eab00000)
  object space 302592K, 80% used [0x00000000c0000000,0x00000000cee83b20,0x00000000d2780000)
 Metaspace       used 90760K, capacity 94813K, committed 94976K, reserved 1134592K
  class space    used 8201K, capacity 9702K, committed 9728K, reserved 1048576K
}
Event: 2318.281 GC heap after
{Heap after GC invocations=6381 (full 172):
 PSYoungGen      total 38400K, used 8960K [0x00000000eab00000, 0x00000000ede80000, 0x0000000100000000)
  eden space 29184K, 0% used [0x00000000eab00000,0x00000000eab00000,0x00000000ec780000)
  from space 9216K, 97% used [0x00000000ed580000,0x00000000ede40030,0x00000000ede80000)
  to   space 10240K, 0% used [0x00000000eca80000,0x00000000eca80000,0x00000000ed480000)
 ParOldGen       total 302592K, used 244726K [0x00000000c0000000, 0x00000000d2780000, 0x00000000eab00000)
  object space 302592K, 80% used [0x00000000c0000000,0x00000000ceefdb80,0x00000000d2780000)
 Metaspace       used 90760K, capacity 94813K, committed 94976K, reserved 1134592K
  class space    used 8201K, capacity 9702K, committed 9728K, reserved 1048576K
}
Event: 2318.291 GC heap before
{Heap before GC invocations=6382 (full 172):
 PSYoungGen      total 38400K, used 32236K [0x00000000eab00000, 0x00000000ede80000, 0x0000000100000000)
  eden space 29184K, 79% used [0x00000000eab00000,0x00000000ec1bb0f0,0x00000000ec780000)
  from space 9216K, 97% used [0x00000000ed580000,0x00000000ede40030,0x00000000ede80000)
  to   space 10240K, 0% used [0x00000000eca80000,0x00000000eca80000,0x00000000ed480000)
 ParOldGen       total 302592K, used 244726K [0x00000000c0000000, 0x00000000d2780000, 0x00000000eab00000)
  object space 302592K, 80% used [0x00000000c0000000,0x00000000ceefdb80,0x00000000d2780000)
 Metaspace       used 90760K, capacity 94813K, committed 94976K, reserved 1134592K
  class space    used 8201K, capacity 9702K, committed 9728K, reserved 1048576K
}
Event: 2318.308 GC heap after
{Heap after GC invocations=6382 (full 172):
 PSYoungGen      total 32768K, used 32K [0x00000000eab00000, 0x00000000ed600000, 0x0000000100000000)
  eden space 32256K, 0% used [0x00000000eab00000,0x00000000eab00000,0x00000000eca80000)
  from space 512K, 6% used [0x00000000eca80000,0x00000000eca88000,0x00000000ecb00000)
  to   space 3584K, 0% used [0x00000000ed280000,0x00000000ed280000,0x00000000ed600000)
 ParOldGen       total 302592K, used 276735K [0x00000000c0000000, 0x00000000d2780000, 0x00000000eab00000)
  object space 302592K, 91% used [0x00000000c0000000,0x00000000d0e3fcb0,0x00000000d2780000)
 Metaspace       used 90760K, capacity 94813K, committed 94976K, reserved 1134592K
  class space    used 8201K, capacity 9702K, committed 9728K, reserved 1048576K
}
Event: 2318.308 GC heap before
{Heap before GC invocations=6383 (full 173):
 PSYoungGen      total 32768K, used 32K [0x00000000eab00000, 0x00000000ed600000, 0x0000000100000000)
  eden space 32256K, 0% used [0x00000000eab00000,0x00000000eab00000,0x00000000eca80000)
  from space 512K, 6% used [0x00000000eca80000,0x00000000eca88000,0x00000000ecb00000)
  to   space 3584K, 0% used [0x00000000ed280000,0x00000000ed280000,0x00000000ed600000)
 ParOldGen       total 302592K, used 276735K [0x00000000c0000000, 0x00000000d2780000, 0x00000000eab00000)
  object space 302592K, 91% used [0x00000000c0000000,0x00000000d0e3fcb0,0x00000000d2780000)
 Metaspace       used 90760K, capacity 94813K, committed 94976K, reserved 1134592K
  class space    used 8201K, capacity 9702K, committed 9728K, reserved 1048576K
}
Event: 2318.564 GC heap after
{Heap after GC invocations=6383 (full 173):
 PSYoungGen      total 40448K, used 0K [0x00000000eab00000, 0x00000000ed780000, 0x0000000100000000)
  eden space 36864K, 0% used [0x00000000eab00000,0x00000000eab00000,0x00000000ecf00000)
  from space 3584K, 0% used [0x00000000ed280000,0x00000000ed280000,0x00000000ed600000)
  to   space 3584K, 0% used [0x00000000ecf00000,0x00000000ecf00000,0x00000000ed280000)
 ParOldGen       total 304128K, used 198877K [0x00000000c0000000, 0x00000000d2900000, 0x00000000eab00000)
  object space 304128K, 65% used [0x00000000c0000000,0x00000000cc237658,0x00000000d2900000)
 Metaspace       used 90760K, capacity 94813K, committed 94976K, reserved 1134592K
  class space    used 8201K, capacity 9702K, committed 9728K, reserved 1048576K
}

