# JRE version: Java(TM) SE Runtime Environment 18.9 (11.0.8+10) (build 11.0.8+10-LTS)
# Java VM: Java HotSpot(TM) 64-Bit Server VM 18.9 (11.0.8+10-LTS, mixed mode, tiered, compressed oops, g1 gc, windows-amd64)
Heap:
 garbage-first heap   total 76800K, used 30025K [0x00000000c3200000, 0x0000000100000000)
  region size 1024K, 17 young (17408K), 2 survivors (2048K)
 Metaspace       used 42431K, capacity 43604K, committed 43904K, reserved 1087488K
  class space    used 5195K, capacity 5648K, committed 5760K, reserved 1048576K
GC Heap History (10 events):
Event: 4.815 GC heap before
{Heap before GC invocations=8 (full 0):
 garbage-first heap   total 63488K, used 38269K [0x00000000c3200000, 0x0000000100000000)
  region size 1024K, 30 young (30720K), 3 survivors (3072K)
 Metaspace       used 28683K, capacity 29495K, committed 29696K, reserved 1075200K
  class space    used 3280K, capacity 3579K, committed 3584K, reserved 1048576K
}
Event: 4.824 GC heap after
{Heap after GC invocations=9 (full 0):
 garbage-first heap   total 63488K, used 11701K [0x00000000c3200000, 0x0000000100000000)
  region size 1024K, 3 young (3072K), 3 survivors (3072K)
 Metaspace       used 28683K, capacity 29495K, committed 29696K, reserved 1075200K
  class space    used 3280K, capacity 3579K, committed 3584K, reserved 1048576K
}
Event: 5.965 GC heap before
{Heap before GC invocations=9 (full 0):
 garbage-first heap   total 63488K, used 40373K [0x00000000c3200000, 0x0000000100000000)
  region size 1024K, 31 young (31744K), 3 survivors (3072K)
 Metaspace       used 34300K, capacity 35276K, committed 35456K, reserved 1081344K
  class space    used 3994K, capacity 4368K, committed 4480K, reserved 1048576K
}
Event: 5.977 GC heap after
{Heap after GC invocations=10 (full 0):
 garbage-first heap   total 63488K, used 14119K [0x00000000c3200000, 0x0000000100000000)
  region size 1024K, 4 young (4096K), 4 survivors (4096K)
 Metaspace       used 34300K, capacity 35276K, committed 35456K, reserved 1081344K
  class space    used 3994K, capacity 4368K, committed 4480K, reserved 1048576K
}
Event: 6.062 GC heap before
{Heap before GC invocations=10 (full 0):
 garbage-first heap   total 63488K, used 41767K [0x00000000c3200000, 0x0000000100000000)
  region size 1024K, 32 young (32768K), 4 survivors (4096K)
 Metaspace       used 34651K, capacity 35704K, committed 35840K, reserved 1081344K
  class space    used 4020K, capacity 4468K, committed 4480K, reserved 1048576K
}
Event: 6.071 GC heap after
{Heap after GC invocations=11 (full 0):
 garbage-first heap   total 76800K, used 14759K [0x00000000c3200000, 0x0000000100000000)
  region size 1024K, 1 young (1024K), 1 survivors (1024K)
 Metaspace       used 34651K, capacity 35704K, committed 35840K, reserved 1081344K
  class space    used 4020K, capacity 4468K, committed 4480K, reserved 1048576K
}
Event: 6.107 GC heap before
{Heap before GC invocations=11 (full 0):
 garbage-first heap   total 76800K, used 27047K [0x00000000c3200000, 0x0000000100000000)
  region size 1024K, 15 young (15360K), 1 survivors (1024K)
 Metaspace       used 34778K, capacity 35768K, committed 35840K, reserved 1081344K
  class space    used 4030K, capacity 4468K, committed 4480K, reserved 1048576K
}
Event: 6.108 GC heap after
{Heap after GC invocations=12 (full 0):
 garbage-first heap   total 76800K, used 14535K [0x00000000c3200000, 0x0000000100000000)
  region size 1024K, 1 young (1024K), 1 survivors (1024K)
 Metaspace       used 34778K, capacity 35768K, committed 35840K, reserved 1081344K
  class space    used 4030K, capacity 4468K, committed 4480K, reserved 1048576K
}
Event: 7.591 GC heap before
{Heap before GC invocations=13 (full 0):
 garbage-first heap   total 76800K, used 50375K [0x00000000c3200000, 0x0000000100000000)
  region size 1024K, 36 young (36864K), 1 survivors (1024K)
 Metaspace       used 39632K, capacity 40781K, committed 40832K, reserved 1085440K
  class space    used 4761K, capacity 5240K, committed 5248K, reserved 1048576K
}
Event: 7.595 GC heap after
{Heap after GC invocations=14 (full 0):
 garbage-first heap   total 76800K, used 15689K [0x00000000c3200000, 0x0000000100000000)
  region size 1024K, 2 young (2048K), 2 survivors (2048K)
 Metaspace       used 39632K, capacity 40781K, committed 40832K, reserved 1085440K
  class space    used 4761K, capacity 5240K, committed 5248K, reserved 1048576K
}

